# JRE version: OpenJDK Runtime Environment (8.0_112-b06) (build 1.8.0_112-release-b06)
# Java VM: OpenJDK 64-Bit Server VM (25.112-b06 mixed mode linux-amd64 compressed oops)
Heap:
 PSYoungGen      total 300544K, used 18325K [0x00000000e0000000, 0x00000000f4500000, 0x0000000100000000)
  eden space 271872K, 0% used [0x00000000e0000000,0x00000000e0000000,0x00000000f0980000)
  from space 28672K, 63% used [0x00000000f0980000,0x00000000f1b65680,0x00000000f2580000)
  to   space 24576K, 0% used [0x00000000f2580000,0x00000000f2580000,0x00000000f3d80000)
 ParOldGen       total 73728K, used 73150K [0x00000000a0000000, 0x00000000a4800000, 0x00000000e0000000)
  object space 73728K, 99% used [0x00000000a0000000,0x00000000a476fa40,0x00000000a4800000)
 Metaspace       used 76560K, capacity 79554K, committed 79872K, reserved 1118208K
  class space    used 9802K, capacity 10408K, committed 10496K, reserved 1048576K
GC Heap History (10 events):
Event: 30.231 GC heap after
Heap after GC invocations=17 (full 3):
 PSYoungGen      total 190976K, used 5703K [0x00000000e0000000, 0x00000000ed200000, 0x0000000100000000)
  eden space 175104K, 0% used [0x00000000e0000000,0x00000000e0000000,0x00000000eab00000)
  from space 15872K, 35% used [0x00000000ebc00000,0x00000000ec191ee0,0x00000000ecb80000)
  to   space 17408K, 0% used [0x00000000eab00000,0x00000000eab00000,0x00000000ebc00000)
 ParOldGen       total 73728K, used 39565K [0x00000000a0000000, 0x00000000a4800000, 0x00000000e0000000)
  object space 73728K, 53% used [0x00000000a0000000,0x00000000a26a3438,0x00000000a4800000)
 Metaspace       used 57144K, capacity 59104K, committed 59160K, reserved 1099776K
  class space    used 7786K, capacity 8276K, committed 8320K, reserved 1048576K
}
Event: 41.053 GC heap before
{Heap before GC invocations=18 (full 3):
 PSYoungGen      total 190976K, used 180807K [0x00000000e0000000, 0x00000000ed200000, 0x0000000100000000)
  eden space 175104K, 100% used [0x00000000e0000000,0x00000000eab00000,0x00000000eab00000)
  from space 15872K, 35% used [0x00000000ebc00000,0x00000000ec191ee0,0x00000000ecb80000)
  to   space 17408K, 0% used [0x00000000eab00000,0x00000000eab00000,0x00000000ebc00000)
 ParOldGen       total 73728K, used 39565K [0x00000000a0000000, 0x00000000a4800000, 0x00000000e0000000)
  object space 73728K, 53% used [0x00000000a0000000,0x00000000a26a3438,0x00000000a4800000)
 Metaspace       used 63229K, capacity 65666K, committed 65792K, reserved 1105920K
  class space    used 8411K, capacity 8952K, committed 8960K, reserved 1048576K
Event: 41.236 GC heap after
Heap after GC invocations=18 (full 3):
 PSYoungGen      total 192512K, used 17395K [0x00000000e0000000, 0x00000000f1480000, 0x0000000100000000)
  eden space 175104K, 0% used [0x00000000e0000000,0x00000000e0000000,0x00000000eab00000)
  from space 17408K, 99% used [0x00000000eab00000,0x00000000ebbfcf80,0x00000000ebc00000)
  to   space 23040K, 0% used [0x00000000efe00000,0x00000000efe00000,0x00000000f1480000)
 ParOldGen       total 73728K, used 47474K [0x00000000a0000000, 0x00000000a4800000, 0x00000000e0000000)
  object space 73728K, 64% used [0x00000000a0000000,0x00000000a2e5cab8,0x00000000a4800000)
 Metaspace       used 63229K, capacity 65666K, committed 65792K, reserved 1105920K
  class space    used 8411K, capacity 8952K, committed 8960K, reserved 1048576K
}
Event: 48.158 GC heap before
{Heap before GC invocations=19 (full 3):
 PSYoungGen      total 192512K, used 192499K [0x00000000e0000000, 0x00000000f1480000, 0x0000000100000000)
  eden space 175104K, 100% used [0x00000000e0000000,0x00000000eab00000,0x00000000eab00000)
  from space 17408K, 99% used [0x00000000eab00000,0x00000000ebbfcf80,0x00000000ebc00000)
  to   space 23040K, 0% used [0x00000000efe00000,0x00000000efe00000,0x00000000f1480000)
 ParOldGen       total 73728K, used 47474K [0x00000000a0000000, 0x00000000a4800000, 0x00000000e0000000)
  object space 73728K, 64% used [0x00000000a0000000,0x00000000a2e5cab8,0x00000000a4800000)
 Metaspace       used 64952K, capacity 67446K, committed 67584K, reserved 1107968K
  class space    used 8593K, capacity 9130K, committed 9216K, reserved 1048576K
Event: 48.230 GC heap after
Heap after GC invocations=19 (full 3):
 PSYoungGen      total 247808K, used 5289K [0x00000000e0000000, 0x00000000f0d80000, 0x0000000100000000)
  eden space 231936K, 0% used [0x00000000e0000000,0x00000000e0000000,0x00000000ee280000)
  from space 15872K, 33% used [0x00000000efe00000,0x00000000f032a720,0x00000000f0d80000)
  to   space 22016K, 0% used [0x00000000ee280000,0x00000000ee280000,0x00000000ef800000)
 ParOldGen       total 73728K, used 55014K [0x00000000a0000000, 0x00000000a4800000, 0x00000000e0000000)
  object space 73728K, 74% used [0x00000000a0000000,0x00000000a35b9a48,0x00000000a4800000)
 Metaspace       used 64952K, capacity 67446K, committed 67584K, reserved 1107968K
  class space    used 8593K, capacity 9130K, committed 9216K, reserved 1048576K
}
Event: 251.711 GC heap before
{Heap before GC invocations=20 (full 3):
 PSYoungGen      total 247808K, used 237225K [0x00000000e0000000, 0x00000000f0d80000, 0x0000000100000000)
  eden space 231936K, 100% used [0x00000000e0000000,0x00000000ee280000,0x00000000ee280000)
  from space 15872K, 33% used [0x00000000efe00000,0x00000000f032a720,0x00000000f0d80000)
  to   space 22016K, 0% used [0x00000000ee280000,0x00000000ee280000,0x00000000ef800000)
 ParOldGen       total 73728K, used 55014K [0x00000000a0000000, 0x00000000a4800000, 0x00000000e0000000)
  object space 73728K, 74% used [0x00000000a0000000,0x00000000a35b9a48,0x00000000a4800000)
 Metaspace       used 70272K, capacity 73052K, committed 73344K, reserved 1112064K
  class space    used 9225K, capacity 9801K, committed 9856K, reserved 1048576K
Event: 251.814 GC heap after
Heap after GC invocations=20 (full 3):
 PSYoungGen      total 253952K, used 18507K [0x00000000e0000000, 0x00000000f3d80000, 0x0000000100000000)
  eden space 231936K, 0% used [0x00000000e0000000,0x00000000e0000000,0x00000000ee280000)
  from space 22016K, 84% used [0x00000000ee280000,0x00000000ef492ef0,0x00000000ef800000)
  to   space 24576K, 0% used [0x00000000f2580000,0x00000000f2580000,0x00000000f3d80000)
 ParOldGen       total 73728K, used 55734K [0x00000000a0000000, 0x00000000a4800000, 0x00000000e0000000)
  object space 73728K, 75% used [0x00000000a0000000,0x00000000a366da78,0x00000000a4800000)
 Metaspace       used 70272K, capacity 73052K, committed 73344K, reserved 1112064K
  class space    used 9225K, capacity 9801K, committed 9856K, reserved 1048576K
}
Event: 257.705 GC heap before
{Heap before GC invocations=21 (full 3):
 PSYoungGen      total 253952K, used 250443K [0x00000000e0000000, 0x00000000f3d80000, 0x0000000100000000)
  eden space 231936K, 100% used [0x00000000e0000000,0x00000000ee280000,0x00000000ee280000)
  from space 22016K, 84% used [0x00000000ee280000,0x00000000ef492ef0,0x00000000ef800000)
  to   space 24576K, 0% used [0x00000000f2580000,0x00000000f2580000,0x00000000f3d80000)
 ParOldGen       total 73728K, used 55734K [0x00000000a0000000, 0x00000000a4800000, 0x00000000e0000000)
  object space 73728K, 75% used [0x00000000a0000000,0x00000000a366da78,0x00000000a4800000)
 Metaspace       used 75954K, capacity 78944K, committed 79104K, reserved 1118208K
  class space    used 9779K, capacity 10375K, committed 10496K, reserved 1048576K
Event: 257.826 GC heap after
Heap after GC invocations=21 (full 3):
 PSYoungGen      total 296448K, used 24575K [0x00000000e0000000, 0x00000000f4500000, 0x0000000100000000)
  eden space 271872K, 0% used [0x00000000e0000000,0x00000000e0000000,0x00000000f0980000)
  from space 24576K, 99% used [0x00000000f2580000,0x00000000f3d7fd20,0x00000000f3d80000)
  to   space 28672K, 0% used [0x00000000f0980000,0x00000000f0980000,0x00000000f2580000)
 ParOldGen       total 73728K, used 56566K [0x00000000a0000000, 0x00000000a4800000, 0x00000000e0000000)
  object space 73728K, 76% used [0x00000000a0000000,0x00000000a373d860,0x00000000a4800000)
 Metaspace       used 75954K, capacity 78944K, committed 79104K, reserved 1118208K
  class space    used 9779K, capacity 10375K, committed 10496K, reserved 1048576K
}
Event: 261.856 GC heap before
{Heap before GC invocations=22 (full 3):
 PSYoungGen      total 296448K, used 296447K [0x00000000e0000000, 0x00000000f4500000, 0x0000000100000000)
  eden space 271872K, 100% used [0x00000000e0000000,0x00000000f0980000,0x00000000f0980000)
  from space 24576K, 99% used [0x00000000f2580000,0x00000000f3d7fd20,0x00000000f3d80000)
  to   space 28672K, 0% used [0x00000000f0980000,0x00000000f0980000,0x00000000f2580000)
 ParOldGen       total 73728K, used 56566K [0x00000000a0000000, 0x00000000a4800000, 0x00000000e0000000)
  object space 73728K, 76% used [0x00000000a0000000,0x00000000a373d860,0x00000000a4800000)
 Metaspace       used 76560K, capacity 79554K, committed 79872K, reserved 1118208K
  class space    used 9802K, capacity 10408K, committed 10496K, reserved 1048576K

