# JRE version: OpenJDK Runtime Environment (8.0_112-b06) (build 1.8.0_112-release-b06)
# Java VM: OpenJDK 64-Bit Server VM (25.112-b06 mixed mode linux-amd64 compressed oops)
Heap:
 PSYoungGen      total 332288K, used 19951K [0x00000000e0000000, 0x00000000f5800000, 0x0000000100000000)
  eden space 312320K, 0% used [0x00000000e0000000,0x00000000e0000000,0x00000000f3100000)
  from space 19968K, 99% used [0x00000000f3100000,0x00000000f447bf08,0x00000000f4480000)
  to   space 8704K, 0% used [0x00000000f4f80000,0x00000000f4f80000,0x00000000f5800000)
 ParOldGen       total 66560K, used 66110K [0x00000000a0000000, 0x00000000a4100000, 0x00000000e0000000)
  object space 66560K, 99% used [0x00000000a0000000,0x00000000a408f870,0x00000000a4100000)
 Metaspace       used 67142K, capacity 69388K, committed 69680K, reserved 1110016K
  class space    used 8475K, capacity 8889K, committed 9008K, reserved 1048576K
GC Heap History (10 events):
Event: 25.915 GC heap after
Heap after GC invocations=13 (full 2):
 PSYoungGen      total 189952K, used 13309K [0x00000000e0000000, 0x00000000f1180000, 0x0000000100000000)
  eden space 176640K, 0% used [0x00000000e0000000,0x00000000e0000000,0x00000000eac80000)
  from space 13312K, 99% used [0x00000000eac80000,0x00000000eb97f440,0x00000000eb980000)
  to   space 17920K, 0% used [0x00000000f0000000,0x00000000f0000000,0x00000000f1180000)
 ParOldGen       total 39424K, used 22656K [0x00000000a0000000, 0x00000000a2680000, 0x00000000e0000000)
  object space 39424K, 57% used [0x00000000a0000000,0x00000000a1620300,0x00000000a2680000)
 Metaspace       used 51474K, capacity 53198K, committed 53424K, reserved 1095680K
  class space    used 6953K, capacity 7314K, committed 7344K, reserved 1048576K
}
Event: 1783.435 GC heap before
{Heap before GC invocations=14 (full 2):
 PSYoungGen      total 189952K, used 189949K [0x00000000e0000000, 0x00000000f1180000, 0x0000000100000000)
  eden space 176640K, 100% used [0x00000000e0000000,0x00000000eac80000,0x00000000eac80000)
  from space 13312K, 99% used [0x00000000eac80000,0x00000000eb97f440,0x00000000eb980000)
  to   space 17920K, 0% used [0x00000000f0000000,0x00000000f0000000,0x00000000f1180000)
 ParOldGen       total 39424K, used 22656K [0x00000000a0000000, 0x00000000a2680000, 0x00000000e0000000)
  object space 39424K, 57% used [0x00000000a0000000,0x00000000a1620300,0x00000000a2680000)
 Metaspace       used 56028K, capacity 57992K, committed 58160K, reserved 1099776K
  class space    used 7451K, capacity 7870K, committed 7984K, reserved 1048576K
Event: 1783.531 GC heap after
Heap after GC invocations=14 (full 2):
 PSYoungGen      total 246784K, used 5820K [0x00000000e0000000, 0x00000000f0980000, 0x0000000100000000)
  eden space 237056K, 0% used [0x00000000e0000000,0x00000000e0000000,0x00000000ee780000)
  from space 9728K, 59% used [0x00000000f0000000,0x00000000f05af0b0,0x00000000f0980000)
  to   space 17408K, 0% used [0x00000000ee780000,0x00000000ee780000,0x00000000ef880000)
 ParOldGen       total 39424K, used 32014K [0x00000000a0000000, 0x00000000a2680000, 0x00000000e0000000)
  object space 39424K, 81% used [0x00000000a0000000,0x00000000a1f43a90,0x00000000a2680000)
 Metaspace       used 56028K, capacity 57992K, committed 58160K, reserved 1099776K
  class space    used 7451K, capacity 7870K, committed 7984K, reserved 1048576K
}
Event: 1783.531 GC heap before
{Heap before GC invocations=15 (full 3):
 PSYoungGen      total 246784K, used 5820K [0x00000000e0000000, 0x00000000f0980000, 0x0000000100000000)
  eden space 237056K, 0% used [0x00000000e0000000,0x00000000e0000000,0x00000000ee780000)
  from space 9728K, 59% used [0x00000000f0000000,0x00000000f05af0b0,0x00000000f0980000)
  to   space 17408K, 0% used [0x00000000ee780000,0x00000000ee780000,0x00000000ef880000)
 ParOldGen       total 39424K, used 32014K [0x00000000a0000000, 0x00000000a2680000, 0x00000000e0000000)
  object space 39424K, 81% used [0x00000000a0000000,0x00000000a1f43a90,0x00000000a2680000)
 Metaspace       used 56028K, capacity 57992K, committed 58160K, reserved 1099776K
  class space    used 7451K, capacity 7870K, committed 7984K, reserved 1048576K
Event: 1783.802 GC heap after
Heap after GC invocations=15 (full 3):
 PSYoungGen      total 246784K, used 0K [0x00000000e0000000, 0x00000000f0980000, 0x0000000100000000)
  eden space 237056K, 0% used [0x00000000e0000000,0x00000000e0000000,0x00000000ee780000)
  from space 9728K, 0% used [0x00000000f0000000,0x00000000f0000000,0x00000000f0980000)
  to   space 17408K, 0% used [0x00000000ee780000,0x00000000ee780000,0x00000000ef880000)
 ParOldGen       total 54784K, used 21906K [0x00000000a0000000, 0x00000000a3580000, 0x00000000e0000000)
  object space 54784K, 39% used [0x00000000a0000000,0x00000000a1564b00,0x00000000a3580000)
 Metaspace       used 55620K, capacity 57280K, committed 58160K, reserved 1099776K
  class space    used 7382K, capacity 7744K, committed 7984K, reserved 1048576K
}
Event: 4484.596 GC heap before
{Heap before GC invocations=16 (full 3):
 PSYoungGen      total 246784K, used 237056K [0x00000000e0000000, 0x00000000f0980000, 0x0000000100000000)
  eden space 237056K, 100% used [0x00000000e0000000,0x00000000ee780000,0x00000000ee780000)
  from space 9728K, 0% used [0x00000000f0000000,0x00000000f0000000,0x00000000f0980000)
  to   space 17408K, 0% used [0x00000000ee780000,0x00000000ee780000,0x00000000ef880000)
 ParOldGen       total 54784K, used 21906K [0x00000000a0000000, 0x00000000a3580000, 0x00000000e0000000)
  object space 54784K, 39% used [0x00000000a0000000,0x00000000a1564b00,0x00000000a3580000)
 Metaspace       used 60501K, capacity 62336K, committed 62768K, reserved 1103872K
  class space    used 7960K, capacity 8365K, committed 8496K, reserved 1048576K
Event: 4484.990 GC heap after
Heap after GC invocations=16 (full 3):
 PSYoungGen      total 254464K, used 17403K [0x00000000e0000000, 0x00000000f6480000, 0x0000000100000000)
  eden space 237056K, 0% used [0x00000000e0000000,0x00000000e0000000,0x00000000ee780000)
  from space 17408K, 99% used [0x00000000ee780000,0x00000000ef87ec70,0x00000000ef880000)
  to   space 21504K, 0% used [0x00000000f4f80000,0x00000000f4f80000,0x00000000f6480000)
 ParOldGen       total 54784K, used 25328K [0x00000000a0000000, 0x00000000a3580000, 0x00000000e0000000)
  object space 54784K, 46% used [0x00000000a0000000,0x00000000a18bc058,0x00000000a3580000)
 Metaspace       used 60501K, capacity 62336K, committed 62768K, reserved 1103872K
  class space    used 7960K, capacity 8365K, committed 8496K, reserved 1048576K
}
Event: 4725.417 GC heap before
{Heap before GC invocations=17 (full 3):
 PSYoungGen      total 254464K, used 254459K [0x00000000e0000000, 0x00000000f6480000, 0x0000000100000000)
  eden space 237056K, 100% used [0x00000000e0000000,0x00000000ee780000,0x00000000ee780000)
  from space 17408K, 99% used [0x00000000ee780000,0x00000000ef87ec70,0x00000000ef880000)
  to   space 21504K, 0% used [0x00000000f4f80000,0x00000000f4f80000,0x00000000f6480000)
 ParOldGen       total 54784K, used 25328K [0x00000000a0000000, 0x00000000a3580000, 0x00000000e0000000)
  object space 54784K, 46% used [0x00000000a0000000,0x00000000a18bc058,0x00000000a3580000)
 Metaspace       used 63129K, capacity 65308K, committed 65456K, reserved 1105920K
  class space    used 8132K, capacity 8559K, committed 8624K, reserved 1048576K
Event: 4725.609 GC heap after
Heap after GC invocations=17 (full 3):
 PSYoungGen      total 321024K, used 8282K [0x00000000e0000000, 0x00000000f5800000, 0x0000000100000000)
  eden space 312320K, 0% used [0x00000000e0000000,0x00000000e0000000,0x00000000f3100000)
  from space 8704K, 95% used [0x00000000f4f80000,0x00000000f5796b38,0x00000000f5800000)
  to   space 19968K, 0% used [0x00000000f3100000,0x00000000f3100000,0x00000000f4480000)
 ParOldGen       total 54784K, used 37334K [0x00000000a0000000, 0x00000000a3580000, 0x00000000e0000000)
  object space 54784K, 68% used [0x00000000a0000000,0x00000000a24758c0,0x00000000a3580000)
 Metaspace       used 63129K, capacity 65308K, committed 65456K, reserved 1105920K
  class space    used 8132K, capacity 8559K, committed 8624K, reserved 1048576K
}
Event: 4731.107 GC heap before
{Heap before GC invocations=18 (full 3):
 PSYoungGen      total 321024K, used 320602K [0x00000000e0000000, 0x00000000f5800000, 0x0000000100000000)
  eden space 312320K, 100% used [0x00000000e0000000,0x00000000f3100000,0x00000000f3100000)
  from space 8704K, 95% used [0x00000000f4f80000,0x00000000f5796b38,0x00000000f5800000)
  to   space 19968K, 0% used [0x00000000f3100000,0x00000000f3100000,0x00000000f4480000)
 ParOldGen       total 54784K, used 37334K [0x00000000a0000000, 0x00000000a3580000, 0x00000000e0000000)
  object space 54784K, 68% used [0x00000000a0000000,0x00000000a24758c0,0x00000000a3580000)
 Metaspace       used 67142K, capacity 69388K, committed 69680K, reserved 1110016K
  class space    used 8475K, capacity 8889K, committed 9008K, reserved 1048576K

