# JRE version: OpenJDK Runtime Environment (8.0_112-b06) (build 1.8.0_112-release-b06)
# Java VM: OpenJDK 64-Bit Server VM (25.112-b06 mixed mode linux-amd64 compressed oops)
Heap:
 PSYoungGen      total 365056K, used 24361K [0x00000000e0000000, 0x00000000f8400000, 0x0000000100000000)
  eden space 332800K, 0% used [0x00000000e0000000,0x00000000e0000000,0x00000000f4500000)
  from space 32256K, 75% used [0x00000000f4500000,0x00000000f5cca6e8,0x00000000f6480000)
  to   space 20480K, 0% used [0x00000000f7000000,0x00000000f7000000,0x00000000f8400000)
 ParOldGen       total 99840K, used 44256K [0x00000000a0000000, 0x00000000a6180000, 0x00000000e0000000)
  object space 99840K, 44% used [0x00000000a0000000,0x00000000a2b383f0,0x00000000a6180000)
 Metaspace       used 65706K, capacity 68156K, committed 68224K, reserved 1107968K
  class space    used 8361K, capacity 8813K, committed 8832K, reserved 1048576K
GC Heap History (10 events):
Event: 27.500 GC heap after
Heap after GC invocations=16 (full 3):
 PSYoungGen      total 224768K, used 29679K [0x00000000e0000000, 0x00000000f4100000, 0x0000000100000000)
  eden space 194048K, 0% used [0x00000000e0000000,0x00000000e0000000,0x00000000ebd80000)
  from space 30720K, 96% used [0x00000000ebd80000,0x00000000eda7bd70,0x00000000edb80000)
  to   space 35328K, 0% used [0x00000000f1e80000,0x00000000f1e80000,0x00000000f4100000)
 ParOldGen       total 95744K, used 54713K [0x00000000a0000000, 0x00000000a5d80000, 0x00000000e0000000)
  object space 95744K, 57% used [0x00000000a0000000,0x00000000a356e478,0x00000000a5d80000)
 Metaspace       used 53629K, capacity 55322K, committed 55680K, reserved 1097728K
  class space    used 7129K, capacity 7490K, committed 7552K, reserved 1048576K
}
Event: 29.527 GC heap before
{Heap before GC invocations=17 (full 3):
 PSYoungGen      total 224768K, used 223727K [0x00000000e0000000, 0x00000000f4100000, 0x0000000100000000)
  eden space 194048K, 100% used [0x00000000e0000000,0x00000000ebd80000,0x00000000ebd80000)
  from space 30720K, 96% used [0x00000000ebd80000,0x00000000eda7bd70,0x00000000edb80000)
  to   space 35328K, 0% used [0x00000000f1e80000,0x00000000f1e80000,0x00000000f4100000)
 ParOldGen       total 95744K, used 54713K [0x00000000a0000000, 0x00000000a5d80000, 0x00000000e0000000)
  object space 95744K, 57% used [0x00000000a0000000,0x00000000a356e478,0x00000000a5d80000)
 Metaspace       used 53866K, capacity 55654K, committed 55936K, reserved 1097728K
  class space    used 7135K, capacity 7492K, committed 7552K, reserved 1048576K
Event: 29.779 GC heap after
Heap after GC invocations=17 (full 3):
 PSYoungGen      total 294400K, used 5964K [0x00000000e0000000, 0x00000000f4800000, 0x0000000100000000)
  eden space 259072K, 0% used [0x00000000e0000000,0x00000000e0000000,0x00000000efd00000)
  from space 35328K, 16% used [0x00000000f1e80000,0x00000000f2453310,0x00000000f4100000)
  to   space 34304K, 0% used [0x00000000efd00000,0x00000000efd00000,0x00000000f1e80000)
 ParOldGen       total 95744K, used 77101K [0x00000000a0000000, 0x00000000a5d80000, 0x00000000e0000000)
  object space 95744K, 80% used [0x00000000a0000000,0x00000000a4b4b798,0x00000000a5d80000)
 Metaspace       used 53866K, capacity 55654K, committed 55936K, reserved 1097728K
  class space    used 7135K, capacity 7492K, committed 7552K, reserved 1048576K
}
Event: 29.779 GC heap before
{Heap before GC invocations=18 (full 4):
 PSYoungGen      total 294400K, used 5964K [0x00000000e0000000, 0x00000000f4800000, 0x0000000100000000)
  eden space 259072K, 0% used [0x00000000e0000000,0x00000000e0000000,0x00000000efd00000)
  from space 35328K, 16% used [0x00000000f1e80000,0x00000000f2453310,0x00000000f4100000)
  to   space 34304K, 0% used [0x00000000efd00000,0x00000000efd00000,0x00000000f1e80000)
 ParOldGen       total 95744K, used 77101K [0x00000000a0000000, 0x00000000a5d80000, 0x00000000e0000000)
  object space 95744K, 80% used [0x00000000a0000000,0x00000000a4b4b798,0x00000000a5d80000)
 Metaspace       used 53866K, capacity 55654K, committed 55936K, reserved 1097728K
  class space    used 7135K, capacity 7492K, committed 7552K, reserved 1048576K
Event: 30.046 GC heap after
Heap after GC invocations=18 (full 4):
 PSYoungGen      total 294400K, used 0K [0x00000000e0000000, 0x00000000f4800000, 0x0000000100000000)
  eden space 259072K, 0% used [0x00000000e0000000,0x00000000e0000000,0x00000000efd00000)
  from space 35328K, 0% used [0x00000000f1e80000,0x00000000f1e80000,0x00000000f4100000)
  to   space 34304K, 0% used [0x00000000efd00000,0x00000000efd00000,0x00000000f1e80000)
 ParOldGen       total 99840K, used 41455K [0x00000000a0000000, 0x00000000a6180000, 0x00000000e0000000)
  object space 99840K, 41% used [0x00000000a0000000,0x00000000a287bcd8,0x00000000a6180000)
 Metaspace       used 53866K, capacity 55654K, committed 55936K, reserved 1097728K
  class space    used 7135K, capacity 7492K, committed 7552K, reserved 1048576K
}
Event: 33.577 GC heap before
{Heap before GC invocations=19 (full 4):
 PSYoungGen      total 294400K, used 259072K [0x00000000e0000000, 0x00000000f4800000, 0x0000000100000000)
  eden space 259072K, 100% used [0x00000000e0000000,0x00000000efd00000,0x00000000efd00000)
  from space 35328K, 0% used [0x00000000f1e80000,0x00000000f1e80000,0x00000000f4100000)
  to   space 34304K, 0% used [0x00000000efd00000,0x00000000efd00000,0x00000000f1e80000)
 ParOldGen       total 99840K, used 41455K [0x00000000a0000000, 0x00000000a6180000, 0x00000000e0000000)
  object space 99840K, 41% used [0x00000000a0000000,0x00000000a287bcd8,0x00000000a6180000)
 Metaspace       used 56341K, capacity 58260K, committed 58368K, reserved 1099776K
  class space    used 7471K, capacity 7860K, committed 7936K, reserved 1048576K
Event: 33.639 GC heap after
Heap after GC invocations=19 (full 4):
 PSYoungGen      total 293376K, used 10333K [0x00000000e0000000, 0x00000000f9000000, 0x0000000100000000)
  eden space 259072K, 0% used [0x00000000e0000000,0x00000000e0000000,0x00000000efd00000)
  from space 34304K, 30% used [0x00000000efd00000,0x00000000f0717638,0x00000000f1e80000)
  to   space 32768K, 0% used [0x00000000f7000000,0x00000000f7000000,0x00000000f9000000)
 ParOldGen       total 99840K, used 41463K [0x00000000a0000000, 0x00000000a6180000, 0x00000000e0000000)
  object space 99840K, 41% used [0x00000000a0000000,0x00000000a287dcd8,0x00000000a6180000)
 Metaspace       used 56341K, capacity 58260K, committed 58368K, reserved 1099776K
  class space    used 7471K, capacity 7860K, committed 7936K, reserved 1048576K
}
Event: 174.085 GC heap before
{Heap before GC invocations=20 (full 4):
 PSYoungGen      total 293376K, used 269405K [0x00000000e0000000, 0x00000000f9000000, 0x0000000100000000)
  eden space 259072K, 100% used [0x00000000e0000000,0x00000000efd00000,0x00000000efd00000)
  from space 34304K, 30% used [0x00000000efd00000,0x00000000f0717638,0x00000000f1e80000)
  to   space 32768K, 0% used [0x00000000f7000000,0x00000000f7000000,0x00000000f9000000)
 ParOldGen       total 99840K, used 41463K [0x00000000a0000000, 0x00000000a6180000, 0x00000000e0000000)
  object space 99840K, 41% used [0x00000000a0000000,0x00000000a287dcd8,0x00000000a6180000)
 Metaspace       used 58493K, capacity 60566K, committed 60800K, reserved 1101824K
  class space    used 7650K, capacity 8057K, committed 8064K, reserved 1048576K
Event: 174.127 GC heap after
Heap after GC invocations=20 (full 4):
 PSYoungGen      total 353280K, used 3137K [0x00000000e0000000, 0x00000000f8400000, 0x0000000100000000)
  eden space 332800K, 0% used [0x00000000e0000000,0x00000000e0000000,0x00000000f4500000)
  from space 20480K, 15% used [0x00000000f7000000,0x00000000f73105e8,0x00000000f8400000)
  to   space 32256K, 0% used [0x00000000f4500000,0x00000000f4500000,0x00000000f6480000)
 ParOldGen       total 99840K, used 44248K [0x00000000a0000000, 0x00000000a6180000, 0x00000000e0000000)
  object space 99840K, 44% used [0x00000000a0000000,0x00000000a2b363f0,0x00000000a6180000)
 Metaspace       used 58493K, capacity 60566K, committed 60800K, reserved 1101824K
  class space    used 7650K, capacity 8057K, committed 8064K, reserved 1048576K
}
Event: 300.512 GC heap before
{Heap before GC invocations=21 (full 4):
 PSYoungGen      total 353280K, used 335937K [0x00000000e0000000, 0x00000000f8400000, 0x0000000100000000)
  eden space 332800K, 100% used [0x00000000e0000000,0x00000000f4500000,0x00000000f4500000)
  from space 20480K, 15% used [0x00000000f7000000,0x00000000f73105e8,0x00000000f8400000)
  to   space 32256K, 0% used [0x00000000f4500000,0x00000000f4500000,0x00000000f6480000)
 ParOldGen       total 99840K, used 44248K [0x00000000a0000000, 0x00000000a6180000, 0x00000000e0000000)
  object space 99840K, 44% used [0x00000000a0000000,0x00000000a2b363f0,0x00000000a6180000)
 Metaspace       used 65706K, capacity 68156K, committed 68224K, reserved 1107968K
  class space    used 8361K, capacity 8813K, committed 8832K, reserved 1048576K

