# JRE version: OpenJDK Runtime Environment (8.0_112-b06) (build 1.8.0_112-release-b06)
# Java VM: OpenJDK 64-Bit Server VM (25.112-b06 mixed mode linux-amd64 compressed oops)
Heap:
 PSYoungGen      total 287232K, used 3605K [0x00000000e0000000, 0x00000000f3a00000, 0x0000000100000000)
  eden space 252928K, 0% used [0x00000000e0000000,0x00000000e0000000,0x00000000ef700000)
  from space 34304K, 10% used [0x00000000ef700000,0x00000000efa854f0,0x00000000f1880000)
  to   space 29184K, 0% used [0x00000000f1d80000,0x00000000f1d80000,0x00000000f3a00000)
 ParOldGen       total 101888K, used 80452K [0x00000000a0000000, 0x00000000a6380000, 0x00000000e0000000)
  object space 101888K, 78% used [0x00000000a0000000,0x00000000a4e91058,0x00000000a6380000)
 Metaspace       used 56371K, capacity 58346K, committed 58624K, reserved 1099776K
  class space    used 7466K, capacity 7861K, committed 7936K, reserved 1048576K
GC Heap History (10 events):
Event: 18.646 GC heap after
Heap after GC invocations=13 (full 2):
 PSYoungGen      total 174080K, used 12768K [0x00000000e0000000, 0x00000000ee880000, 0x0000000100000000)
  eden space 161280K, 0% used [0x00000000e0000000,0x00000000e0000000,0x00000000e9d80000)
  from space 12800K, 99% used [0x00000000e9d80000,0x00000000ea9f8010,0x00000000eaa00000)
  to   space 17920K, 0% used [0x00000000ed700000,0x00000000ed700000,0x00000000ee880000)
 ParOldGen       total 42496K, used 23553K [0x00000000a0000000, 0x00000000a2980000, 0x00000000e0000000)
  object space 42496K, 55% used [0x00000000a0000000,0x00000000a1700780,0x00000000a2980000)
 Metaspace       used 50572K, capacity 52290K, committed 52608K, reserved 1095680K
  class space    used 6847K, capacity 7188K, committed 7296K, reserved 1048576K
}
Event: 21.595 GC heap before
{Heap before GC invocations=14 (full 2):
 PSYoungGen      total 174080K, used 174048K [0x00000000e0000000, 0x00000000ee880000, 0x0000000100000000)
  eden space 161280K, 100% used [0x00000000e0000000,0x00000000e9d80000,0x00000000e9d80000)
  from space 12800K, 99% used [0x00000000e9d80000,0x00000000ea9f8010,0x00000000eaa00000)
  to   space 17920K, 0% used [0x00000000ed700000,0x00000000ed700000,0x00000000ee880000)
 ParOldGen       total 42496K, used 23553K [0x00000000a0000000, 0x00000000a2980000, 0x00000000e0000000)
  object space 42496K, 55% used [0x00000000a0000000,0x00000000a1700780,0x00000000a2980000)
 Metaspace       used 53387K, capacity 55140K, committed 55424K, reserved 1097728K
  class space    used 7121K, capacity 7489K, committed 7552K, reserved 1048576K
Event: 21.812 GC heap after
Heap after GC invocations=14 (full 2):
 PSYoungGen      total 205824K, used 17892K [0x00000000e0000000, 0x00000000f1200000, 0x0000000100000000)
  eden space 187904K, 0% used [0x00000000e0000000,0x00000000e0000000,0x00000000eb780000)
  from space 17920K, 99% used [0x00000000ed700000,0x00000000ee8793a0,0x00000000ee880000)
  to   space 32256K, 0% used [0x00000000eb780000,0x00000000eb780000,0x00000000ed700000)
 ParOldGen       total 54272K, used 54229K [0x00000000a0000000, 0x00000000a3500000, 0x00000000e0000000)
  object space 54272K, 99% used [0x00000000a0000000,0x00000000a34f5698,0x00000000a3500000)
 Metaspace       used 53387K, capacity 55140K, committed 55424K, reserved 1097728K
  class space    used 7121K, capacity 7489K, committed 7552K, reserved 1048576K
}
Event: 21.812 GC heap before
{Heap before GC invocations=15 (full 3):
 PSYoungGen      total 205824K, used 17892K [0x00000000e0000000, 0x00000000f1200000, 0x0000000100000000)
  eden space 187904K, 0% used [0x00000000e0000000,0x00000000e0000000,0x00000000eb780000)
  from space 17920K, 99% used [0x00000000ed700000,0x00000000ee8793a0,0x00000000ee880000)
  to   space 32256K, 0% used [0x00000000eb780000,0x00000000eb780000,0x00000000ed700000)
 ParOldGen       total 54272K, used 54229K [0x00000000a0000000, 0x00000000a3500000, 0x00000000e0000000)
  object space 54272K, 99% used [0x00000000a0000000,0x00000000a34f5698,0x00000000a3500000)
 Metaspace       used 53387K, capacity 55140K, committed 55424K, reserved 1097728K
  class space    used 7121K, capacity 7489K, committed 7552K, reserved 1048576K
Event: 22.547 GC heap after
Heap after GC invocations=15 (full 3):
 PSYoungGen      total 205824K, used 16278K [0x00000000e0000000, 0x00000000f1200000, 0x0000000100000000)
  eden space 187904K, 0% used [0x00000000e0000000,0x00000000e0000000,0x00000000eb780000)
  from space 17920K, 90% used [0x00000000ed700000,0x00000000ee6e5bb0,0x00000000ee880000)
  to   space 32256K, 0% used [0x00000000eb780000,0x00000000eb780000,0x00000000ed700000)
 ParOldGen       total 101888K, used 53896K [0x00000000a0000000, 0x00000000a6380000, 0x00000000e0000000)
  object space 101888K, 52% used [0x00000000a0000000,0x00000000a34a22e0,0x00000000a6380000)
 Metaspace       used 53385K, capacity 55134K, committed 55424K, reserved 1097728K
  class space    used 7121K, capacity 7488K, committed 7552K, reserved 1048576K
}
Event: 24.358 GC heap before
{Heap before GC invocations=16 (full 3):
 PSYoungGen      total 205824K, used 204182K [0x00000000e0000000, 0x00000000f1200000, 0x0000000100000000)
  eden space 187904K, 100% used [0x00000000e0000000,0x00000000eb780000,0x00000000eb780000)
  from space 17920K, 90% used [0x00000000ed700000,0x00000000ee6e5bb0,0x00000000ee880000)
  to   space 32256K, 0% used [0x00000000eb780000,0x00000000eb780000,0x00000000ed700000)
 ParOldGen       total 101888K, used 53896K [0x00000000a0000000, 0x00000000a6380000, 0x00000000e0000000)
  object space 101888K, 52% used [0x00000000a0000000,0x00000000a34a22e0,0x00000000a6380000)
 Metaspace       used 53672K, capacity 55390K, committed 55680K, reserved 1097728K
  class space    used 7122K, capacity 7488K, committed 7552K, reserved 1048576K
Event: 24.716 GC heap after
Heap after GC invocations=16 (full 3):
 PSYoungGen      total 220160K, used 28747K [0x00000000e0000000, 0x00000000f4100000, 0x0000000100000000)
  eden space 187904K, 0% used [0x00000000e0000000,0x00000000e0000000,0x00000000eb780000)
  from space 32256K, 89% used [0x00000000eb780000,0x00000000ed392e10,0x00000000ed700000)
  to   space 36352K, 0% used [0x00000000f1d80000,0x00000000f1d80000,0x00000000f4100000)
 ParOldGen       total 101888K, used 64713K [0x00000000a0000000, 0x00000000a6380000, 0x00000000e0000000)
  object space 101888K, 63% used [0x00000000a0000000,0x00000000a3f32678,0x00000000a6380000)
 Metaspace       used 53672K, capacity 55390K, committed 55680K, reserved 1097728K
  class space    used 7122K, capacity 7488K, committed 7552K, reserved 1048576K
}
Event: 27.936 GC heap before
{Heap before GC invocations=17 (full 3):
 PSYoungGen      total 220160K, used 215811K [0x00000000e0000000, 0x00000000f4100000, 0x0000000100000000)
  eden space 187904K, 99% used [0x00000000e0000000,0x00000000eb6ae130,0x00000000eb780000)
  from space 32256K, 89% used [0x00000000eb780000,0x00000000ed392e10,0x00000000ed700000)
  to   space 36352K, 0% used [0x00000000f1d80000,0x00000000f1d80000,0x00000000f4100000)
 ParOldGen       total 101888K, used 64713K [0x00000000a0000000, 0x00000000a6380000, 0x00000000e0000000)
  object space 101888K, 63% used [0x00000000a0000000,0x00000000a3f32678,0x00000000a6380000)
 Metaspace       used 55884K, capacity 57660K, committed 57728K, reserved 1099776K
  class space    used 7434K, capacity 7802K, committed 7808K, reserved 1048576K
Event: 28.045 GC heap after
Heap after GC invocations=17 (full 3):
 PSYoungGen      total 282112K, used 12990K [0x00000000e0000000, 0x00000000f3a00000, 0x0000000100000000)
  eden space 252928K, 0% used [0x00000000e0000000,0x00000000e0000000,0x00000000ef700000)
  from space 29184K, 44% used [0x00000000f1d80000,0x00000000f2a2f800,0x00000000f3a00000)
  to   space 34304K, 0% used [0x00000000ef700000,0x00000000ef700000,0x00000000f1880000)
 ParOldGen       total 101888K, used 78761K [0x00000000a0000000, 0x00000000a6380000, 0x00000000e0000000)
  object space 101888K, 77% used [0x00000000a0000000,0x00000000a4cea498,0x00000000a6380000)
 Metaspace       used 55884K, capacity 57660K, committed 57728K, reserved 1099776K
  class space    used 7434K, capacity 7802K, committed 7808K, reserved 1048576K
}
Event: 29.749 GC heap before
{Heap before GC invocations=18 (full 3):
 PSYoungGen      total 282112K, used 265593K [0x00000000e0000000, 0x00000000f3a00000, 0x0000000100000000)
  eden space 252928K, 99% used [0x00000000e0000000,0x00000000ef6aedf8,0x00000000ef700000)
  from space 29184K, 44% used [0x00000000f1d80000,0x00000000f2a2f800,0x00000000f3a00000)
  to   space 34304K, 0% used [0x00000000ef700000,0x00000000ef700000,0x00000000f1880000)
 ParOldGen       total 101888K, used 78761K [0x00000000a0000000, 0x00000000a6380000, 0x00000000e0000000)
  object space 101888K, 77% used [0x00000000a0000000,0x00000000a4cea498,0x00000000a6380000)
 Metaspace       used 56371K, capacity 58346K, committed 58624K, reserved 1099776K
  class space    used 7466K, capacity 7861K, committed 7936K, reserved 1048576K

