# JRE version: OpenJDK Runtime Environment (8.0_112-b06) (build 1.8.0_112-release-b06)
# Java VM: OpenJDK 64-Bit Server VM (25.112-b06 mixed mode linux-amd64 compressed oops)
Heap:
 PSYoungGen      total 371712K, used 8167K [0x00000000e0000000, 0x00000000f9580000, 0x0000000100000000)
  eden space 340480K, 0% used [0x00000000e0000000,0x00000000e0000000,0x00000000f4c80000)
  from space 31232K, 26% used [0x00000000f4c80000,0x00000000f5479fb8,0x00000000f6b00000)
  to   space 25600K, 0% used [0x00000000f6b00000,0x00000000f6b00000,0x00000000f8400000)
 ParOldGen       total 74752K, used 52483K [0x00000000a0000000, 0x00000000a4900000, 0x00000000e0000000)
  object space 74752K, 70% used [0x00000000a0000000,0x00000000a3340e88,0x00000000a4900000)
 Metaspace       used 66737K, capacity 68938K, committed 69032K, reserved 1110016K
  class space    used 8397K, capacity 8810K, committed 8880K, reserved 1048576K
GC Heap History (10 events):
Event: 28.627 GC heap after
Heap after GC invocations=15 (full 3):
 PSYoungGen      total 240640K, used 0K [0x00000000e0000000, 0x00000000f0300000, 0x0000000100000000)
  eden space 221696K, 0% used [0x00000000e0000000,0x00000000e0000000,0x00000000ed880000)
  from space 18944K, 0% used [0x00000000eec00000,0x00000000eec00000,0x00000000efe80000)
  to   space 19968K, 0% used [0x00000000ed880000,0x00000000ed880000,0x00000000eec00000)
 ParOldGen       total 74752K, used 35634K [0x00000000a0000000, 0x00000000a4900000, 0x00000000e0000000)
  object space 74752K, 47% used [0x00000000a0000000,0x00000000a22ccbf0,0x00000000a4900000)
 Metaspace       used 52539K, capacity 54204K, committed 54568K, reserved 1095680K
  class space    used 7007K, capacity 7359K, committed 7472K, reserved 1048576K
}
Event: 34.185 GC heap before
{Heap before GC invocations=16 (full 3):
 PSYoungGen      total 240640K, used 221696K [0x00000000e0000000, 0x00000000f0300000, 0x0000000100000000)
  eden space 221696K, 100% used [0x00000000e0000000,0x00000000ed880000,0x00000000ed880000)
  from space 18944K, 0% used [0x00000000eec00000,0x00000000eec00000,0x00000000efe80000)
  to   space 19968K, 0% used [0x00000000ed880000,0x00000000ed880000,0x00000000eec00000)
 ParOldGen       total 74752K, used 35634K [0x00000000a0000000, 0x00000000a4900000, 0x00000000e0000000)
  object space 74752K, 47% used [0x00000000a0000000,0x00000000a22ccbf0,0x00000000a4900000)
 Metaspace       used 53086K, capacity 54752K, committed 55080K, reserved 1097728K
  class space    used 7043K, capacity 7391K, committed 7472K, reserved 1048576K
Event: 34.341 GC heap after
Heap after GC invocations=16 (full 3):
 PSYoungGen      total 241664K, used 19963K [0x00000000e0000000, 0x00000000f4780000, 0x0000000100000000)
  eden space 221696K, 0% used [0x00000000e0000000,0x00000000e0000000,0x00000000ed880000)
  from space 19968K, 99% used [0x00000000ed880000,0x00000000eebfec98,0x00000000eec00000)
  to   space 24064K, 0% used [0x00000000f3000000,0x00000000f3000000,0x00000000f4780000)
 ParOldGen       total 74752K, used 38577K [0x00000000a0000000, 0x00000000a4900000, 0x00000000e0000000)
  object space 74752K, 51% used [0x00000000a0000000,0x00000000a25ac580,0x00000000a4900000)
 Metaspace       used 53086K, capacity 54752K, committed 55080K, reserved 1097728K
  class space    used 7043K, capacity 7391K, committed 7472K, reserved 1048576K
}
Event: 142.424 GC heap before
{Heap before GC invocations=17 (full 3):
 PSYoungGen      total 241664K, used 241659K [0x00000000e0000000, 0x00000000f4780000, 0x0000000100000000)
  eden space 221696K, 100% used [0x00000000e0000000,0x00000000ed880000,0x00000000ed880000)
  from space 19968K, 99% used [0x00000000ed880000,0x00000000eebfec98,0x00000000eec00000)
  to   space 24064K, 0% used [0x00000000f3000000,0x00000000f3000000,0x00000000f4780000)
 ParOldGen       total 74752K, used 38577K [0x00000000a0000000, 0x00000000a4900000, 0x00000000e0000000)
  object space 74752K, 51% used [0x00000000a0000000,0x00000000a25ac580,0x00000000a4900000)
 Metaspace       used 60087K, capacity 62044K, committed 62248K, reserved 1103872K
  class space    used 7801K, capacity 8209K, committed 8240K, reserved 1048576K
Event: 142.514 GC heap after
Heap after GC invocations=17 (full 3):
 PSYoungGen      total 301056K, used 22659K [0x00000000e0000000, 0x00000000f4680000, 0x0000000100000000)
  eden space 278016K, 0% used [0x00000000e0000000,0x00000000e0000000,0x00000000f0f80000)
  from space 23040K, 98% used [0x00000000f3000000,0x00000000f4620c20,0x00000000f4680000)
  to   space 27136K, 0% used [0x00000000f1180000,0x00000000f1180000,0x00000000f2c00000)
 ParOldGen       total 74752K, used 38681K [0x00000000a0000000, 0x00000000a4900000, 0x00000000e0000000)
  object space 74752K, 51% used [0x00000000a0000000,0x00000000a25c6580,0x00000000a4900000)
 Metaspace       used 60087K, capacity 62044K, committed 62248K, reserved 1103872K
  class space    used 7801K, capacity 8209K, committed 8240K, reserved 1048576K
}
Event: 146.609 GC heap before
{Heap before GC invocations=18 (full 3):
 PSYoungGen      total 301056K, used 300176K [0x00000000e0000000, 0x00000000f4680000, 0x0000000100000000)
  eden space 278016K, 99% used [0x00000000e0000000,0x00000000f0f03648,0x00000000f0f80000)
  from space 23040K, 98% used [0x00000000f3000000,0x00000000f4620c20,0x00000000f4680000)
  to   space 27136K, 0% used [0x00000000f1180000,0x00000000f1180000,0x00000000f2c00000)
 ParOldGen       total 74752K, used 38681K [0x00000000a0000000, 0x00000000a4900000, 0x00000000e0000000)
  object space 74752K, 51% used [0x00000000a0000000,0x00000000a25c6580,0x00000000a4900000)
 Metaspace       used 62789K, capacity 64914K, committed 65192K, reserved 1105920K
  class space    used 8064K, capacity 8502K, committed 8624K, reserved 1048576K
Event: 146.667 GC heap after
Heap after GC invocations=18 (full 3):
 PSYoungGen      total 307200K, used 11427K [0x00000000e0000000, 0x00000000f8400000, 0x0000000100000000)
  eden space 280064K, 0% used [0x00000000e0000000,0x00000000e0000000,0x00000000f1180000)
  from space 27136K, 42% used [0x00000000f1180000,0x00000000f1ca8df8,0x00000000f2c00000)
  to   space 25600K, 0% used [0x00000000f6b00000,0x00000000f6b00000,0x00000000f8400000)
 ParOldGen       total 74752K, used 38681K [0x00000000a0000000, 0x00000000a4900000, 0x00000000e0000000)
  object space 74752K, 51% used [0x00000000a0000000,0x00000000a25c6580,0x00000000a4900000)
 Metaspace       used 62789K, capacity 64914K, committed 65192K, reserved 1105920K
  class space    used 8064K, capacity 8502K, committed 8624K, reserved 1048576K
}
Event: 150.663 GC heap before
{Heap before GC invocations=19 (full 3):
 PSYoungGen      total 307200K, used 291491K [0x00000000e0000000, 0x00000000f8400000, 0x0000000100000000)
  eden space 280064K, 100% used [0x00000000e0000000,0x00000000f1180000,0x00000000f1180000)
  from space 27136K, 42% used [0x00000000f1180000,0x00000000f1ca8df8,0x00000000f2c00000)
  to   space 25600K, 0% used [0x00000000f6b00000,0x00000000f6b00000,0x00000000f8400000)
 ParOldGen       total 74752K, used 38681K [0x00000000a0000000, 0x00000000a4900000, 0x00000000e0000000)
  object space 74752K, 51% used [0x00000000a0000000,0x00000000a25c6580,0x00000000a4900000)
 Metaspace       used 66002K, capacity 68230K, committed 68520K, reserved 1110016K
  class space    used 8388K, capacity 8808K, committed 8880K, reserved 1048576K
Event: 150.766 GC heap after
Heap after GC invocations=19 (full 3):
 PSYoungGen      total 366080K, used 25598K [0x00000000e0000000, 0x00000000f9580000, 0x0000000100000000)
  eden space 340480K, 0% used [0x00000000e0000000,0x00000000e0000000,0x00000000f4c80000)
  from space 25600K, 99% used [0x00000000f6b00000,0x00000000f83ffa90,0x00000000f8400000)
  to   space 31232K, 0% used [0x00000000f4c80000,0x00000000f4c80000,0x00000000f6b00000)
 ParOldGen       total 74752K, used 42458K [0x00000000a0000000, 0x00000000a4900000, 0x00000000e0000000)
  object space 74752K, 56% used [0x00000000a0000000,0x00000000a2976928,0x00000000a4900000)
 Metaspace       used 66002K, capacity 68230K, committed 68520K, reserved 1110016K
  class space    used 8388K, capacity 8808K, committed 8880K, reserved 1048576K
}
Event: 155.754 GC heap before
{Heap before GC invocations=20 (full 3):
 PSYoungGen      total 366080K, used 366078K [0x00000000e0000000, 0x00000000f9580000, 0x0000000100000000)
  eden space 340480K, 100% used [0x00000000e0000000,0x00000000f4c80000,0x00000000f4c80000)
  from space 25600K, 99% used [0x00000000f6b00000,0x00000000f83ffa90,0x00000000f8400000)
  to   space 31232K, 0% used [0x00000000f4c80000,0x00000000f4c80000,0x00000000f6b00000)
 ParOldGen       total 74752K, used 42458K [0x00000000a0000000, 0x00000000a4900000, 0x00000000e0000000)
  object space 74752K, 56% used [0x00000000a0000000,0x00000000a2976928,0x00000000a4900000)
 Metaspace       used 66737K, capacity 68938K, committed 69032K, reserved 1110016K
  class space    used 8397K, capacity 8810K, committed 8880K, reserved 1048576K

