# JRE version: OpenJDK Runtime Environment (8.0_112-b06) (build 1.8.0_112-release-b06)
# Java VM: OpenJDK 64-Bit Server VM (25.112-b06 mixed mode linux-amd64 compressed oops)
Heap:
 PSYoungGen      total 307712K, used 20973K [0x00000000e0000000, 0x00000000f4280000, 0x0000000100000000)
  eden space 286720K, 0% used [0x00000000e0000000,0x00000000e0000000,0x00000000f1800000)
  from space 20992K, 99% used [0x00000000f1800000,0x00000000f2c7b5b8,0x00000000f2c80000)
  to   space 20992K, 0% used [0x00000000f2c80000,0x00000000f2c80000,0x00000000f4100000)
 ParOldGen       total 73728K, used 70666K [0x00000000a0000000, 0x00000000a4800000, 0x00000000e0000000)
  object space 73728K, 95% used [0x00000000a0000000,0x00000000a45029a0,0x00000000a4800000)
 Metaspace       used 66513K, capacity 68696K, committed 69120K, reserved 1110016K
  class space    used 8398K, capacity 8837K, committed 8960K, reserved 1048576K
GC Heap History (10 events):
Event: 28.594 GC heap after
Heap after GC invocations=19 (full 3):
 PSYoungGen      total 212480K, used 731K [0x00000000e0000000, 0x00000000ee680000, 0x0000000100000000)
  eden space 195584K, 0% used [0x00000000e0000000,0x00000000e0000000,0x00000000ebf00000)
  from space 16896K, 4% used [0x00000000ecf80000,0x00000000ed036c68,0x00000000ee000000)
  to   space 16896K, 0% used [0x00000000ebf00000,0x00000000ebf00000,0x00000000ecf80000)
 ParOldGen       total 73728K, used 39593K [0x00000000a0000000, 0x00000000a4800000, 0x00000000e0000000)
  object space 73728K, 53% used [0x00000000a0000000,0x00000000a26aa628,0x00000000a4800000)
 Metaspace       used 53245K, capacity 54832K, committed 55040K, reserved 1097728K
  class space    used 7059K, capacity 7393K, committed 7424K, reserved 1048576K
}
Event: 52.055 GC heap before
{Heap before GC invocations=20 (full 3):
 PSYoungGen      total 212480K, used 196315K [0x00000000e0000000, 0x00000000ee680000, 0x0000000100000000)
  eden space 195584K, 100% used [0x00000000e0000000,0x00000000ebf00000,0x00000000ebf00000)
  from space 16896K, 4% used [0x00000000ecf80000,0x00000000ed036c68,0x00000000ee000000)
  to   space 16896K, 0% used [0x00000000ebf00000,0x00000000ebf00000,0x00000000ecf80000)
 ParOldGen       total 73728K, used 39593K [0x00000000a0000000, 0x00000000a4800000, 0x00000000e0000000)
  object space 73728K, 53% used [0x00000000a0000000,0x00000000a26aa628,0x00000000a4800000)
 Metaspace       used 55275K, capacity 56934K, committed 57216K, reserved 1099776K
  class space    used 7206K, capacity 7546K, committed 7552K, reserved 1048576K
Event: 52.209 GC heap after
Heap after GC invocations=20 (full 3):
 PSYoungGen      total 212480K, used 16864K [0x00000000e0000000, 0x00000000f1280000, 0x0000000100000000)
  eden space 195584K, 0% used [0x00000000e0000000,0x00000000e0000000,0x00000000ebf00000)
  from space 16896K, 99% used [0x00000000ebf00000,0x00000000ecf780e8,0x00000000ecf80000)
  to   space 22016K, 0% used [0x00000000efd00000,0x00000000efd00000,0x00000000f1280000)
 ParOldGen       total 73728K, used 46338K [0x00000000a0000000, 0x00000000a4800000, 0x00000000e0000000)
  object space 73728K, 62% used [0x00000000a0000000,0x00000000a2d408b0,0x00000000a4800000)
 Metaspace       used 55275K, capacity 56934K, committed 57216K, reserved 1099776K
  class space    used 7206K, capacity 7546K, committed 7552K, reserved 1048576K
}
Event: 59.843 GC heap before
{Heap before GC invocations=21 (full 3):
 PSYoungGen      total 212480K, used 212448K [0x00000000e0000000, 0x00000000f1280000, 0x0000000100000000)
  eden space 195584K, 100% used [0x00000000e0000000,0x00000000ebf00000,0x00000000ebf00000)
  from space 16896K, 99% used [0x00000000ebf00000,0x00000000ecf780e8,0x00000000ecf80000)
  to   space 22016K, 0% used [0x00000000efd00000,0x00000000efd00000,0x00000000f1280000)
 ParOldGen       total 73728K, used 46338K [0x00000000a0000000, 0x00000000a4800000, 0x00000000e0000000)
  object space 73728K, 62% used [0x00000000a0000000,0x00000000a2d408b0,0x00000000a4800000)
 Metaspace       used 62134K, capacity 64072K, committed 64256K, reserved 1105920K
  class space    used 7965K, capacity 8327K, committed 8448K, reserved 1048576K
Event: 59.905 GC heap after
Heap after GC invocations=21 (full 3):
 PSYoungGen      total 249856K, used 8799K [0x00000000e0000000, 0x00000000f0d00000, 0x0000000100000000)
  eden space 233472K, 0% used [0x00000000e0000000,0x00000000e0000000,0x00000000ee400000)
  from space 16384K, 53% used [0x00000000efd00000,0x00000000f0597ca0,0x00000000f0d00000)
  to   space 20992K, 0% used [0x00000000ee400000,0x00000000ee400000,0x00000000ef880000)
 ParOldGen       total 73728K, used 49038K [0x00000000a0000000, 0x00000000a4800000, 0x00000000e0000000)
  object space 73728K, 66% used [0x00000000a0000000,0x00000000a2fe39b0,0x00000000a4800000)
 Metaspace       used 62134K, capacity 64072K, committed 64256K, reserved 1105920K
  class space    used 7965K, capacity 8327K, committed 8448K, reserved 1048576K
}
Event: 60.567 GC heap before
{Heap before GC invocations=22 (full 3):
 PSYoungGen      total 249856K, used 241936K [0x00000000e0000000, 0x00000000f0d00000, 0x0000000100000000)
  eden space 233472K, 99% used [0x00000000e0000000,0x00000000ee3ac548,0x00000000ee400000)
  from space 16384K, 53% used [0x00000000efd00000,0x00000000f0597ca0,0x00000000f0d00000)
  to   space 20992K, 0% used [0x00000000ee400000,0x00000000ee400000,0x00000000ef880000)
 ParOldGen       total 73728K, used 49038K [0x00000000a0000000, 0x00000000a4800000, 0x00000000e0000000)
  object space 73728K, 66% used [0x00000000a0000000,0x00000000a2fe39b0,0x00000000a4800000)
 Metaspace       used 62922K, capacity 65042K, committed 65152K, reserved 1105920K
  class space    used 8074K, capacity 8502K, committed 8576K, reserved 1048576K
Event: 60.608 GC heap after
Heap after GC invocations=22 (full 3):
 PSYoungGen      total 254464K, used 1637K [0x00000000e0000000, 0x00000000f4100000, 0x0000000100000000)
  eden space 233472K, 0% used [0x00000000e0000000,0x00000000e0000000,0x00000000ee400000)
  from space 20992K, 7% used [0x00000000ee400000,0x00000000ee5997a0,0x00000000ef880000)
  to   space 20992K, 0% used [0x00000000f2c80000,0x00000000f2c80000,0x00000000f4100000)
 ParOldGen       total 73728K, used 56655K [0x00000000a0000000, 0x00000000a4800000, 0x00000000e0000000)
  object space 73728K, 76% used [0x00000000a0000000,0x00000000a3753d90,0x00000000a4800000)
 Metaspace       used 62922K, capacity 65042K, committed 65152K, reserved 1105920K
  class space    used 8074K, capacity 8502K, committed 8576K, reserved 1048576K
}
Event: 63.781 GC heap before
{Heap before GC invocations=23 (full 3):
 PSYoungGen      total 254464K, used 235109K [0x00000000e0000000, 0x00000000f4100000, 0x0000000100000000)
  eden space 233472K, 100% used [0x00000000e0000000,0x00000000ee400000,0x00000000ee400000)
  from space 20992K, 7% used [0x00000000ee400000,0x00000000ee5997a0,0x00000000ef880000)
  to   space 20992K, 0% used [0x00000000f2c80000,0x00000000f2c80000,0x00000000f4100000)
 ParOldGen       total 73728K, used 56655K [0x00000000a0000000, 0x00000000a4800000, 0x00000000e0000000)
  object space 73728K, 76% used [0x00000000a0000000,0x00000000a3753d90,0x00000000a4800000)
 Metaspace       used 66067K, capacity 68312K, committed 68608K, reserved 1110016K
  class space    used 8391K, capacity 8837K, committed 8960K, reserved 1048576K
Event: 63.905 GC heap after
Heap after GC invocations=23 (full 3):
 PSYoungGen      total 307712K, used 11562K [0x00000000e0000000, 0x00000000f4280000, 0x0000000100000000)
  eden space 286720K, 0% used [0x00000000e0000000,0x00000000e0000000,0x00000000f1800000)
  from space 20992K, 55% used [0x00000000f2c80000,0x00000000f37ca820,0x00000000f4100000)
  to   space 20992K, 0% used [0x00000000f1800000,0x00000000f1800000,0x00000000f2c80000)
 ParOldGen       total 73728K, used 56943K [0x00000000a0000000, 0x00000000a4800000, 0x00000000e0000000)
  object space 73728K, 77% used [0x00000000a0000000,0x00000000a379bd90,0x00000000a4800000)
 Metaspace       used 66067K, capacity 68312K, committed 68608K, reserved 1110016K
  class space    used 8391K, capacity 8837K, committed 8960K, reserved 1048576K
}
Event: 67.170 GC heap before
{Heap before GC invocations=24 (full 3):
 PSYoungGen      total 307712K, used 298282K [0x00000000e0000000, 0x00000000f4280000, 0x0000000100000000)
  eden space 286720K, 100% used [0x00000000e0000000,0x00000000f1800000,0x00000000f1800000)
  from space 20992K, 55% used [0x00000000f2c80000,0x00000000f37ca820,0x00000000f4100000)
  to   space 20992K, 0% used [0x00000000f1800000,0x00000000f1800000,0x00000000f2c80000)
 ParOldGen       total 73728K, used 56943K [0x00000000a0000000, 0x00000000a4800000, 0x00000000e0000000)
  object space 73728K, 77% used [0x00000000a0000000,0x00000000a379bd90,0x00000000a4800000)
 Metaspace       used 66513K, capacity 68696K, committed 69120K, reserved 1110016K
  class space    used 8398K, capacity 8837K, committed 8960K, reserved 1048576K

